c:\users\user\source\repos\list\list\debug\vc142.pdb
c:\users\user\source\repos\list\list\debug\vc142.idb
c:\users\user\source\repos\list\list\debug\main.obj
c:\users\user\source\repos\list\list\debug\list.obj
c:\users\user\source\repos\list\debug\list.exe
c:\users\user\source\repos\list\debug\list.ilk
c:\users\user\source\repos\list\debug\list.pdb
d:\user\documents\github\algorithms-datastructures\list\list\debug\list.obj
d:\user\documents\github\algorithms-datastructures\list\list\debug\main.obj
d:\user\documents\github\algorithms-datastructures\list\list\debug\vc142.idb
d:\user\documents\github\algorithms-datastructures\list\list\debug\vc142.pdb
d:\user\documents\github\algorithms-datastructures\list\debug\list.pdb
d:\user\documents\github\algorithms-datastructures\list\debug\list.exe
d:\user\documents\github\algorithms-datastructures\list\debug\list.ilk
d:\user\documents\github\algorithms-datastructures\list\list\debug\list.tlog\cl.command.1.tlog
d:\user\documents\github\algorithms-datastructures\list\list\debug\list.tlog\cl.read.1.tlog
d:\user\documents\github\algorithms-datastructures\list\list\debug\list.tlog\cl.write.1.tlog
d:\user\documents\github\algorithms-datastructures\list\list\debug\list.tlog\link.command.1.tlog
d:\user\documents\github\algorithms-datastructures\list\list\debug\list.tlog\link.read.1.tlog
d:\user\documents\github\algorithms-datastructures\list\list\debug\list.tlog\link.write.1.tlog
